2023-10-25 21:40:14,803 - weather-telegram - INFO - Getting updates
2023-10-25 21:40:14,805 - weather-telegram - DEBUG - URL: https://api.telegram.org/bot6379449727:AAGdgVUyMe3CDjWhYx70O-7EiLRz9bJ6hq8/getUpdates?timeout=None
2023-10-25 21:40:15,522 - weather-telegram - DEBUG - {'keyboard': [[{'text': '/weather'}]], 'one_time_keyboard': True}
2023-10-25 21:40:16,932 - weather-telegram - INFO - Getting updates
2023-10-25 21:40:16,932 - weather-telegram - DEBUG - URL: https://api.telegram.org/bot6379449727:AAGdgVUyMe3CDjWhYx70O-7EiLRz9bJ6hq8/getUpdates?timeout=None&offset=295824505
2023-10-25 21:40:18,084 - weather-telegram - INFO - Getting updates
2023-10-25 21:40:18,084 - weather-telegram - DEBUG - URL: https://api.telegram.org/bot6379449727:AAGdgVUyMe3CDjWhYx70O-7EiLRz9bJ6hq8/getUpdates?timeout=None&offset=295824505
2023-10-25 21:40:18,739 - weather-telegram - DEBUG - {'keyboard': [[{'text': 'Hong Kong'}], [{'text': 'Kowloon'}], [{'text': 'Share location', 'request_location': True}]], 'one_time_keyboard': True}
2023-10-25 21:40:19,988 - weather-telegram - INFO - Getting updates
2023-10-25 21:40:19,988 - weather-telegram - DEBUG - URL: https://api.telegram.org/bot6379449727:AAGdgVUyMe3CDjWhYx70O-7EiLRz9bJ6hq8/getUpdates?timeout=None&offset=295824506
2023-10-25 21:40:21,218 - weather-telegram - INFO - Getting updates
2023-10-25 21:40:21,218 - weather-telegram - DEBUG - URL: https://api.telegram.org/bot6379449727:AAGdgVUyMe3CDjWhYx70O-7EiLRz9bJ6hq8/getUpdates?timeout=None&offset=295824506
2023-10-25 21:40:21,916 - weather-telegram - INFO - Weather requested for Hong Kong
2023-10-25 21:40:21,917 - weather-telegram - INFO - Requesting weather: https://api.openweathermap.org/data/2.5/weather?appid=904d31598fd40a05a2eb0b95bd3fd2da&units=metric&q=Hong Kong
2023-10-25 21:40:21,917 - weather-telegram - DEBUG - URL: https://api.openweathermap.org/data/2.5/weather?appid=904d31598fd40a05a2eb0b95bd3fd2da&units=metric&q=Hong Kong
2023-10-25 21:40:22,111 - weather-telegram - DEBUG - {'coord': {'lon': 114.1577, 'lat': 22.2855}, 'weather': [{'id': 803, 'main': 'Clouds', 'description': 'broken clouds', 'icon': '04n'}], 'base': 'stations', 'main': {'temp': 26.53, 'feels_like': 26.53, 'temp_min': 24.97, 'temp_max': 27.03, 'pressure': 1015, 'humidity': 84}, 'visibility': 10000, 'wind': {'speed': 4.02, 'deg': 110}, 'clouds': {'all': 84}, 'dt': 1698240956, 'sys': {'type': 2, 'id': 2035800, 'country': 'HK', 'sunrise': 1698186209, 'sunset': 1698227477}, 'timezone': 28800, 'id': 1819729, 'name': 'Hong Kong', 'cod': 200}
2023-10-25 21:40:25,900 - weather-telegram - INFO - Requesting weather: https://api.openweathermap.org/data/2.5/weather?appid=904d31598fd40a05a2eb0b95bd3fd2da&units=metric&q=Hong Kong
2023-10-25 21:40:25,900 - weather-telegram - DEBUG - URL: https://api.openweathermap.org/data/2.5/weather?appid=904d31598fd40a05a2eb0b95bd3fd2da&units=metric&q=Hong Kong
2023-10-25 21:40:26,081 - weather-telegram - DEBUG - {'coord': {'lon': 114.1577, 'lat': 22.2855}, 'weather': [{'id': 803, 'main': 'Clouds', 'description': 'broken clouds', 'icon': '04n'}], 'base': 'stations', 'main': {'temp': 26.53, 'feels_like': 26.53, 'temp_min': 24.97, 'temp_max': 27.03, 'pressure': 1015, 'humidity': 84}, 'visibility': 10000, 'wind': {'speed': 4.02, 'deg': 110}, 'clouds': {'all': 84}, 'dt': 1698240956, 'sys': {'type': 2, 'id': 2035800, 'country': 'HK', 'sunrise': 1698186209, 'sunset': 1698227477}, 'timezone': 28800, 'id': 1819729, 'name': 'Hong Kong', 'cod': 200}
2023-10-25 21:40:29,792 - weather-telegram - INFO - Requesting weather: https://api.openweathermap.org/data/2.5/weather?appid=904d31598fd40a05a2eb0b95bd3fd2da&units=metric&q=Hong Kong
2023-10-25 21:40:29,792 - weather-telegram - DEBUG - URL: https://api.openweathermap.org/data/2.5/weather?appid=904d31598fd40a05a2eb0b95bd3fd2da&units=metric&q=Hong Kong
2023-10-25 21:40:29,981 - weather-telegram - DEBUG - {'coord': {'lon': 114.1577, 'lat': 22.2855}, 'weather': [{'id': 803, 'main': 'Clouds', 'description': 'broken clouds', 'icon': '04n'}], 'base': 'stations', 'main': {'temp': 26.53, 'feels_like': 26.53, 'temp_min': 24.97, 'temp_max': 27.03, 'pressure': 1015, 'humidity': 84}, 'visibility': 10000, 'wind': {'speed': 4.02, 'deg': 110}, 'clouds': {'all': 84}, 'dt': 1698240956, 'sys': {'type': 2, 'id': 2035800, 'country': 'HK', 'sunrise': 1698186209, 'sunset': 1698227477}, 'timezone': 28800, 'id': 1819729, 'name': 'Hong Kong', 'cod': 200}
2023-10-25 21:40:33,763 - weather-telegram - INFO - Requesting weather: https://api.openweathermap.org/data/2.5/weather?appid=904d31598fd40a05a2eb0b95bd3fd2da&units=metric&q=Hong Kong
2023-10-25 21:40:33,763 - weather-telegram - DEBUG - URL: https://api.openweathermap.org/data/2.5/weather?appid=904d31598fd40a05a2eb0b95bd3fd2da&units=metric&q=Hong Kong
2023-10-25 21:40:33,947 - weather-telegram - DEBUG - {'coord': {'lon': 114.1577, 'lat': 22.2855}, 'weather': [{'id': 803, 'main': 'Clouds', 'description': 'broken clouds', 'icon': '04n'}], 'base': 'stations', 'main': {'temp': 26.53, 'feels_like': 26.53, 'temp_min': 24.97, 'temp_max': 27.03, 'pressure': 1015, 'humidity': 84}, 'visibility': 10000, 'wind': {'speed': 4.02, 'deg': 110}, 'clouds': {'all': 84}, 'dt': 1698240956, 'sys': {'type': 2, 'id': 2035800, 'country': 'HK', 'sunrise': 1698186209, 'sunset': 1698227477}, 'timezone': 28800, 'id': 1819729, 'name': 'Hong Kong', 'cod': 200}
2023-10-25 21:40:37,700 - weather-telegram - INFO - Requesting weather: https://api.openweathermap.org/data/2.5/weather?appid=904d31598fd40a05a2eb0b95bd3fd2da&units=metric&q=Hong Kong
2023-10-25 21:40:37,700 - weather-telegram - DEBUG - URL: https://api.openweathermap.org/data/2.5/weather?appid=904d31598fd40a05a2eb0b95bd3fd2da&units=metric&q=Hong Kong
2023-10-25 21:40:38,120 - weather-telegram - DEBUG - {'coord': {'lon': 114.1577, 'lat': 22.2855}, 'weather': [{'id': 803, 'main': 'Clouds', 'description': 'broken clouds', 'icon': '04n'}], 'base': 'stations', 'main': {'temp': 26.53, 'feels_like': 26.53, 'temp_min': 24.97, 'temp_max': 27.03, 'pressure': 1015, 'humidity': 84}, 'visibility': 10000, 'wind': {'speed': 4.02, 'deg': 110}, 'clouds': {'all': 84}, 'dt': 1698240956, 'sys': {'type': 2, 'id': 2035800, 'country': 'HK', 'sunrise': 1698186209, 'sunset': 1698227477}, 'timezone': 28800, 'id': 1819729, 'name': 'Hong Kong', 'cod': 200}
